<?xml version="1.0" encoding="UTF-8"?>
<!-- Generated by org.testng.reporters.JUnitXMLReporter -->
<testsuite hostname="DESKTOP-B2220QC" ignored="0" name="Test123" tests="6" failures="1" timestamp="2022-06-29T08:18:48 IST" time="0.361" errors="0">
  <testcase name="test1" time="0.047" classname="Pack123.TestClass123"/>
  <testcase name="test2" time="0.003" classname="Pack123.TestClass123"/>
  <testcase name="test3" time="0.011" classname="Pack123.TestClass123">
    <failure type="java.lang.AssertionError">
      <![CDATA[java.lang.AssertionError
at org.junit.Assert.fail(Assert.java:86)
at org.junit.Assert.fail(Assert.java:95)
at Pack123.TestClass123.test3(TestClass123.java:46)
at java.util.ArrayList.forEach(Unknown Source)
... Removed 27 stack frames]]>
    </failure>
  </testcase> <!-- test3 -->
  <testcase name="test4" time="0.003" classname="Pack123.TestClass123"/>
  <testcase name="testA" time="0.003" classname="Pack123.TestClass"/>
  <testcase name="testB" time="0.002" classname="Pack123.TestClass"/>
</testsuite> <!-- Test123 -->
