<?xml version="1.0" encoding="UTF-8"?>
<!-- Generated by org.testng.reporters.JUnitXMLReporter -->
<testsuite hostname="DESKTOP-B2220QC" ignored="0" name="Default test" tests="2" failures="0" timestamp="2022-06-30T08:16:17 IST" time="0.182" errors="0">
  <testcase name="@BeforeTest launchBrowser" time="-1.656557177538E9" classname="tests.VerifyTaskButtonTestNG">
    <failure type="org.testng.TestNGException" message="
Can inject only one of &amp;lt;ITestContext, XmlTest&amp;gt; into a @BeforeTest annotated launchBrowser.
For more information on native dependency injection please refer to https://testng.org/doc/documentation-main.html#native-dependency-injection">
      <![CDATA[org.testng.TestNGException: 
Can inject only one of <ITestContext, XmlTest> into a @BeforeTest annotated launchBrowser.
For more information on native dependency injection please refer to https://testng.org/doc/documentation-main.html#native-dependency-injection
at org.testng.internal.Parameters.checkParameterTypes(Parameters.java:437)
at org.testng.internal.Parameters.createParametersForMethod(Parameters.java:351)
at org.testng.internal.Parameters.createParameters(Parameters.java:708)
at org.testng.internal.Parameters.createConfigurationParameters(Parameters.java:166)
at org.testng.internal.ConfigInvoker.invokeConfigurations(ConfigInvoker.java:301)
at org.testng.TestRunner.invokeTestConfigurations(TestRunner.java:617)
at org.testng.TestRunner.beforeRun(TestRunner.java:607)
at org.testng.TestRunner.run(TestRunner.java:578)
at org.testng.SuiteRunner.runTest(SuiteRunner.java:384)
at org.testng.SuiteRunner.runSequentially(SuiteRunner.java:378)
at org.testng.SuiteRunner.privateRun(SuiteRunner.java:337)
at org.testng.SuiteRunner.run(SuiteRunner.java:286)
at org.testng.SuiteRunnerWorker.runSuite(SuiteRunnerWorker.java:53)
at org.testng.SuiteRunnerWorker.run(SuiteRunnerWorker.java:96)
at org.testng.TestNG.runSuitesSequentially(TestNG.java:1218)
at org.testng.TestNG.runSuitesLocally(TestNG.java:1140)
at org.testng.TestNG.runSuites(TestNG.java:1069)
at org.testng.TestNG.run(TestNG.java:1037)
at org.testng.remote.AbstractRemoteTestNG.run(AbstractRemoteTestNG.java:115)
at org.testng.remote.RemoteTestNG.initAndRun(RemoteTestNG.java:251)
at org.testng.remote.RemoteTestNG.main(RemoteTestNG.java:77)
]]>
    </failure>
  </testcase> <!-- @BeforeTest launchBrowser -->
  <testcase name="@BeforeClass createPOMOobjects" time="-1.656557177622E9" classname="tests.VerifyTaskButtonTestNG">
    <skipped/>
  </testcase> <!-- @BeforeClass createPOMOobjects -->
  <testcase name="@BeforeMethod loginToApplication" time="-1.65655717766E9" classname="tests.VerifyTaskButtonTestNG">
    <skipped/>
  </testcase> <!-- @BeforeMethod loginToApplication -->
  <testcase name="@AfterMethod logoutFromApplication" time="-1.656557177676E9" classname="tests.VerifyTaskButtonTestNG">
    <skipped/>
  </testcase> <!-- @AfterMethod logoutFromApplication -->
  <testcase name="@BeforeMethod loginToApplication" time="-1.656557177681E9" classname="tests.VerifyTaskButtonTestNG">
    <skipped/>
  </testcase> <!-- @BeforeMethod loginToApplication -->
  <testcase name="@AfterMethod logoutFromApplication" time="-1.656557177693E9" classname="tests.VerifyTaskButtonTestNG">
    <skipped/>
  </testcase> <!-- @AfterMethod logoutFromApplication -->
  <testcase name="@AfterClass clearObject" time="-1.656557177697E9" classname="tests.VerifyTaskButtonTestNG">
    <skipped/>
  </testcase> <!-- @AfterClass clearObject -->
  <testcase name="@AfterTest closedBrowser" time="-1.656557177705E9" classname="tests.VerifyTaskButtonTestNG">
    <skipped/>
  </testcase> <!-- @AfterTest closedBrowser -->
  <testcase name="toVerifyReportButton" time="0.0" classname="tests.VerifyTaskButtonTestNG">
    <skipped/>
  </testcase> <!-- toVerifyReportButton -->
  <testcase name="toVerifyTaskButton" time="0.0" classname="tests.VerifyTaskButtonTestNG">
    <skipped/>
  </testcase> <!-- toVerifyTaskButton -->
</testsuite> <!-- Default test -->
