<?xml version="1.0" encoding="UTF-8"?>
<testng-results skipped="2" failed="0" ignored="0" total="8" passed="6">
  <reporter-output>
  </reporter-output>
  <suite name="Suite1234" duration-ms="89200" started-at="2022-06-30T08:55:03 IST" finished-at="2022-06-30T08:56:32 IST">
    <groups>
    </groups>
    <test name="FirefoxBrowser" duration-ms="63590" started-at="2022-06-30T08:55:03 IST" finished-at="2022-06-30T08:56:07 IST">
      <class name="tests.VerifyTaskButtonTestNG">
        <test-method status="PASS" signature="launchBrowser(java.lang.String)[pri:0, instance:tests.VerifyTaskButtonTestNG@34c4973]" name="launchBrowser" is-config="true" duration-ms="13644" started-at="2022-06-30T08:55:21 IST" finished-at="2022-06-30T08:55:34 IST">
          <params>
            <param index="0">
              <value>
                <![CDATA[Firefox]]>
              </value>
            </param>
          </params>
          <reporter-output>
          </reporter-output>
        </test-method> <!-- launchBrowser -->
        <test-method status="PASS" signature="createPOMOobjects()[pri:0, instance:tests.VerifyTaskButtonTestNG@34c4973]" name="createPOMOobjects" is-config="true" duration-ms="7" started-at="2022-06-30T08:55:34 IST" finished-at="2022-06-30T08:55:34 IST">
          <reporter-output>
          </reporter-output>
        </test-method> <!-- createPOMOobjects -->
        <test-method status="PASS" signature="loginToApplication()[pri:0, instance:tests.VerifyTaskButtonTestNG@34c4973]" name="loginToApplication" is-config="true" duration-ms="5697" started-at="2022-06-30T08:55:34 IST" finished-at="2022-06-30T08:55:40 IST">
          <reporter-output>
          </reporter-output>
        </test-method> <!-- loginToApplication -->
        <test-method status="PASS" signature="toVerifyReportButton()[pri:0, instance:tests.VerifyTaskButtonTestNG@34c4973]" name="toVerifyReportButton" duration-ms="1338" started-at="2022-06-30T08:55:40 IST" finished-at="2022-06-30T08:55:41 IST">
          <reporter-output>
          </reporter-output>
        </test-method> <!-- toVerifyReportButton -->
        <test-method status="PASS" signature="logoutFromApplication()[pri:0, instance:tests.VerifyTaskButtonTestNG@34c4973]" name="logoutFromApplication" is-config="true" duration-ms="354" started-at="2022-06-30T08:55:41 IST" finished-at="2022-06-30T08:55:42 IST">
          <reporter-output>
          </reporter-output>
        </test-method> <!-- logoutFromApplication -->
        <test-method status="PASS" signature="loginToApplication()[pri:0, instance:tests.VerifyTaskButtonTestNG@34c4973]" name="loginToApplication" is-config="true" duration-ms="1639" started-at="2022-06-30T08:55:42 IST" finished-at="2022-06-30T08:55:43 IST">
          <reporter-output>
          </reporter-output>
        </test-method> <!-- loginToApplication -->
        <test-method status="PASS" signature="toVerifyTaskButton()[pri:0, instance:tests.VerifyTaskButtonTestNG@34c4973]" name="toVerifyTaskButton" duration-ms="3631" started-at="2022-06-30T08:55:43 IST" finished-at="2022-06-30T08:55:47 IST">
          <reporter-output>
          </reporter-output>
        </test-method> <!-- toVerifyTaskButton -->
        <test-method status="PASS" signature="logoutFromApplication()[pri:0, instance:tests.VerifyTaskButtonTestNG@34c4973]" name="logoutFromApplication" is-config="true" duration-ms="637" started-at="2022-06-30T08:55:47 IST" finished-at="2022-06-30T08:55:48 IST">
          <reporter-output>
          </reporter-output>
        </test-method> <!-- logoutFromApplication -->
        <test-method status="PASS" signature="clearObject()[pri:0, instance:tests.VerifyTaskButtonTestNG@34c4973]" name="clearObject" is-config="true" duration-ms="1" started-at="2022-06-30T08:55:48 IST" finished-at="2022-06-30T08:55:48 IST">
          <reporter-output>
          </reporter-output>
        </test-method> <!-- clearObject -->
        <test-method status="SKIP" signature="closedBrowser()[pri:0, instance:tests.VerifyTaskButtonTestNG@34c4973]" name="closedBrowser" is-config="true" duration-ms="-1656559566995" started-at="2022-06-30T08:56:06 IST" finished-at="1970-01-01T05:30:00 IST">
          <reporter-output>
          </reporter-output>
        </test-method> <!-- closedBrowser -->
      </class> <!-- tests.VerifyTaskButtonTestNG -->
      <class name="tests.VerifySanityTest">
        <test-method status="PASS" signature="launchBrowser(java.lang.String)[pri:0, instance:tests.VerifySanityTest@52feb982]" name="launchBrowser" is-config="true" duration-ms="17727" started-at="2022-06-30T08:55:03 IST" finished-at="2022-06-30T08:55:21 IST">
          <params>
            <param index="0">
              <value>
                <![CDATA[Firefox]]>
              </value>
            </param>
          </params>
          <reporter-output>
          </reporter-output>
        </test-method> <!-- launchBrowser -->
        <test-method status="PASS" signature="createPOMOobjects()[pri:0, instance:tests.VerifySanityTest@52feb982]" name="createPOMOobjects" is-config="true" duration-ms="2" started-at="2022-06-30T08:55:48 IST" finished-at="2022-06-30T08:55:48 IST">
          <reporter-output>
          </reporter-output>
        </test-method> <!-- createPOMOobjects -->
        <test-method status="FAIL" signature="loginToApplication()[pri:0, instance:tests.VerifySanityTest@52feb982]" name="loginToApplication" is-config="true" duration-ms="18695" started-at="2022-06-30T08:55:48 IST" finished-at="2022-06-30T08:56:06 IST">
          <exception class="org.openqa.selenium.WebDriverException">
            <message>
              <![CDATA[Failed to decode response from marionette
Build info: version: '3.141.59', revision: 'e82be7d358', time: '2018-11-14T08:17:03'
System info: host: 'DESKTOP-B2220QC', ip: '192.168.1.111', os.name: 'Windows 10', os.arch: 'amd64', os.version: '10.0', java.version: '1.8.0_271'
Driver info: org.openqa.selenium.firefox.FirefoxDriver
Capabilities {acceptInsecureCerts: true, browserName: firefox, browserVersion: 100.0.2, javascriptEnabled: true, moz:accessibilityChecks: false, moz:buildID: 20220519220738, moz:geckodriverVersion: 0.27.0, moz:headless: false, moz:processID: 9524, moz:profile: C:\Users\Akash\AppData\Loca..., moz:shutdownTimeout: 60000, moz:useNonSpecCompliantPointerOrigin: false, moz:webdriverClick: true, pageLoadStrategy: normal, platform: WINDOWS, platformName: WINDOWS, platformVersion: 10.0, proxy: Proxy(), setWindowRect: true, strictFileInteractability: false, timeouts: {implicit: 0, pageLoad: 300000, script: 30000}, unhandledPromptBehavior: dismiss and notify}
Session ID: 908bc06e-aaf2-4b50-8273-249ad06bfdca]]>
            </message>
            <full-stacktrace>
              <![CDATA[org.openqa.selenium.WebDriverException: Failed to decode response from marionette
Build info: version: '3.141.59', revision: 'e82be7d358', time: '2018-11-14T08:17:03'
System info: host: 'DESKTOP-B2220QC', ip: '192.168.1.111', os.name: 'Windows 10', os.arch: 'amd64', os.version: '10.0', java.version: '1.8.0_271'
Driver info: org.openqa.selenium.firefox.FirefoxDriver
Capabilities {acceptInsecureCerts: true, browserName: firefox, browserVersion: 100.0.2, javascriptEnabled: true, moz:accessibilityChecks: false, moz:buildID: 20220519220738, moz:geckodriverVersion: 0.27.0, moz:headless: false, moz:processID: 9524, moz:profile: C:\Users\Akash\AppData\Loca..., moz:shutdownTimeout: 60000, moz:useNonSpecCompliantPointerOrigin: false, moz:webdriverClick: true, pageLoadStrategy: normal, platform: WINDOWS, platformName: WINDOWS, platformVersion: 10.0, proxy: Proxy(), setWindowRect: true, strictFileInteractability: false, timeouts: {implicit: 0, pageLoad: 300000, script: 30000}, unhandledPromptBehavior: dismiss and notify}
Session ID: 908bc06e-aaf2-4b50-8273-249ad06bfdca
at sun.reflect.NativeConstructorAccessorImpl.newInstance0(Native Method)
at sun.reflect.NativeConstructorAccessorImpl.newInstance(Unknown Source)
at sun.reflect.DelegatingConstructorAccessorImpl.newInstance(Unknown Source)
at java.lang.reflect.Constructor.newInstance(Unknown Source)
at org.openqa.selenium.remote.http.W3CHttpResponseCodec.createException(W3CHttpResponseCodec.java:187)
at org.openqa.selenium.remote.http.W3CHttpResponseCodec.decode(W3CHttpResponseCodec.java:122)
at org.openqa.selenium.remote.http.W3CHttpResponseCodec.decode(W3CHttpResponseCodec.java:49)
at org.openqa.selenium.remote.HttpCommandExecutor.execute(HttpCommandExecutor.java:158)
at org.openqa.selenium.remote.service.DriverCommandExecutor.execute(DriverCommandExecutor.java:83)
at org.openqa.selenium.remote.RemoteWebDriver.execute(RemoteWebDriver.java:552)
at org.openqa.selenium.remote.RemoteWebDriver.get(RemoteWebDriver.java:277)
at tests.VerifySanityTest.loginToApplication(VerifySanityTest.java:60)
at sun.reflect.NativeMethodAccessorImpl.invoke0(Native Method)
at sun.reflect.NativeMethodAccessorImpl.invoke(Unknown Source)
at sun.reflect.DelegatingMethodAccessorImpl.invoke(Unknown Source)
at java.lang.reflect.Method.invoke(Unknown Source)
at org.testng.internal.MethodInvocationHelper.invokeMethod(MethodInvocationHelper.java:132)
at org.testng.internal.MethodInvocationHelper.invokeMethodConsideringTimeout(MethodInvocationHelper.java:61)
at org.testng.internal.ConfigInvoker.invokeConfigurationMethod(ConfigInvoker.java:366)
at org.testng.internal.ConfigInvoker.invokeConfigurations(ConfigInvoker.java:320)
at org.testng.internal.TestInvoker.runConfigMethods(TestInvoker.java:701)
at org.testng.internal.TestInvoker.invokeMethod(TestInvoker.java:527)
at org.testng.internal.TestInvoker.invokeTestMethod(TestInvoker.java:174)
at org.testng.internal.MethodRunner.runInSequence(MethodRunner.java:46)
at org.testng.internal.TestInvoker$MethodInvocationAgent.invoke(TestInvoker.java:822)
at org.testng.internal.TestInvoker.invokeTestMethods(TestInvoker.java:147)
at org.testng.internal.TestMethodWorker.invokeTestMethods(TestMethodWorker.java:146)
at org.testng.internal.TestMethodWorker.run(TestMethodWorker.java:128)
at java.util.ArrayList.forEach(Unknown Source)
at org.testng.TestRunner.privateRun(TestRunner.java:764)
at org.testng.TestRunner.run(TestRunner.java:585)
at org.testng.SuiteRunner.runTest(SuiteRunner.java:384)
at org.testng.SuiteRunner.access$000(SuiteRunner.java:28)
at org.testng.SuiteRunner$SuiteWorker.run(SuiteRunner.java:425)
at org.testng.internal.thread.ThreadUtil.lambda$execute$0(ThreadUtil.java:66)
at java.util.concurrent.FutureTask.run(Unknown Source)
at java.util.concurrent.ThreadPoolExecutor.runWorker(Unknown Source)
at java.util.concurrent.ThreadPoolExecutor$Worker.run(Unknown Source)
at java.lang.Thread.run(Unknown Source)
]]>
            </full-stacktrace>
          </exception> <!-- org.openqa.selenium.WebDriverException -->
          <reporter-output>
          </reporter-output>
        </test-method> <!-- loginToApplication -->
        <test-method status="SKIP" signature="toVerifyReportButton()[pri:0, instance:tests.VerifySanityTest@52feb982]" name="toVerifyReportButton" duration-ms="0" started-at="2022-06-30T08:56:06 IST" finished-at="2022-06-30T08:56:06 IST">
          <exception class="org.openqa.selenium.WebDriverException">
            <message>
              <![CDATA[Failed to decode response from marionette
Build info: version: '3.141.59', revision: 'e82be7d358', time: '2018-11-14T08:17:03'
System info: host: 'DESKTOP-B2220QC', ip: '192.168.1.111', os.name: 'Windows 10', os.arch: 'amd64', os.version: '10.0', java.version: '1.8.0_271'
Driver info: org.openqa.selenium.firefox.FirefoxDriver
Capabilities {acceptInsecureCerts: true, browserName: firefox, browserVersion: 100.0.2, javascriptEnabled: true, moz:accessibilityChecks: false, moz:buildID: 20220519220738, moz:geckodriverVersion: 0.27.0, moz:headless: false, moz:processID: 9524, moz:profile: C:\Users\Akash\AppData\Loca..., moz:shutdownTimeout: 60000, moz:useNonSpecCompliantPointerOrigin: false, moz:webdriverClick: true, pageLoadStrategy: normal, platform: WINDOWS, platformName: WINDOWS, platformVersion: 10.0, proxy: Proxy(), setWindowRect: true, strictFileInteractability: false, timeouts: {implicit: 0, pageLoad: 300000, script: 30000}, unhandledPromptBehavior: dismiss and notify}
Session ID: 908bc06e-aaf2-4b50-8273-249ad06bfdca]]>
            </message>
            <full-stacktrace>
              <![CDATA[org.openqa.selenium.WebDriverException: Failed to decode response from marionette
Build info: version: '3.141.59', revision: 'e82be7d358', time: '2018-11-14T08:17:03'
System info: host: 'DESKTOP-B2220QC', ip: '192.168.1.111', os.name: 'Windows 10', os.arch: 'amd64', os.version: '10.0', java.version: '1.8.0_271'
Driver info: org.openqa.selenium.firefox.FirefoxDriver
Capabilities {acceptInsecureCerts: true, browserName: firefox, browserVersion: 100.0.2, javascriptEnabled: true, moz:accessibilityChecks: false, moz:buildID: 20220519220738, moz:geckodriverVersion: 0.27.0, moz:headless: false, moz:processID: 9524, moz:profile: C:\Users\Akash\AppData\Loca..., moz:shutdownTimeout: 60000, moz:useNonSpecCompliantPointerOrigin: false, moz:webdriverClick: true, pageLoadStrategy: normal, platform: WINDOWS, platformName: WINDOWS, platformVersion: 10.0, proxy: Proxy(), setWindowRect: true, strictFileInteractability: false, timeouts: {implicit: 0, pageLoad: 300000, script: 30000}, unhandledPromptBehavior: dismiss and notify}
Session ID: 908bc06e-aaf2-4b50-8273-249ad06bfdca
at sun.reflect.NativeConstructorAccessorImpl.newInstance0(Native Method)
at sun.reflect.NativeConstructorAccessorImpl.newInstance(Unknown Source)
at sun.reflect.DelegatingConstructorAccessorImpl.newInstance(Unknown Source)
at java.lang.reflect.Constructor.newInstance(Unknown Source)
at org.openqa.selenium.remote.http.W3CHttpResponseCodec.createException(W3CHttpResponseCodec.java:187)
at org.openqa.selenium.remote.http.W3CHttpResponseCodec.decode(W3CHttpResponseCodec.java:122)
at org.openqa.selenium.remote.http.W3CHttpResponseCodec.decode(W3CHttpResponseCodec.java:49)
at org.openqa.selenium.remote.HttpCommandExecutor.execute(HttpCommandExecutor.java:158)
at org.openqa.selenium.remote.service.DriverCommandExecutor.execute(DriverCommandExecutor.java:83)
at org.openqa.selenium.remote.RemoteWebDriver.execute(RemoteWebDriver.java:552)
at org.openqa.selenium.remote.RemoteWebDriver.get(RemoteWebDriver.java:277)
at tests.VerifySanityTest.loginToApplication(VerifySanityTest.java:60)
at sun.reflect.NativeMethodAccessorImpl.invoke0(Native Method)
at sun.reflect.NativeMethodAccessorImpl.invoke(Unknown Source)
at sun.reflect.DelegatingMethodAccessorImpl.invoke(Unknown Source)
at java.lang.reflect.Method.invoke(Unknown Source)
at org.testng.internal.MethodInvocationHelper.invokeMethod(MethodInvocationHelper.java:132)
at org.testng.internal.MethodInvocationHelper.invokeMethodConsideringTimeout(MethodInvocationHelper.java:61)
at org.testng.internal.ConfigInvoker.invokeConfigurationMethod(ConfigInvoker.java:366)
at org.testng.internal.ConfigInvoker.invokeConfigurations(ConfigInvoker.java:320)
at org.testng.internal.TestInvoker.runConfigMethods(TestInvoker.java:701)
at org.testng.internal.TestInvoker.invokeMethod(TestInvoker.java:527)
at org.testng.internal.TestInvoker.invokeTestMethod(TestInvoker.java:174)
at org.testng.internal.MethodRunner.runInSequence(MethodRunner.java:46)
at org.testng.internal.TestInvoker$MethodInvocationAgent.invoke(TestInvoker.java:822)
at org.testng.internal.TestInvoker.invokeTestMethods(TestInvoker.java:147)
at org.testng.internal.TestMethodWorker.invokeTestMethods(TestMethodWorker.java:146)
at org.testng.internal.TestMethodWorker.run(TestMethodWorker.java:128)
at java.util.ArrayList.forEach(Unknown Source)
at org.testng.TestRunner.privateRun(TestRunner.java:764)
at org.testng.TestRunner.run(TestRunner.java:585)
at org.testng.SuiteRunner.runTest(SuiteRunner.java:384)
at org.testng.SuiteRunner.access$000(SuiteRunner.java:28)
at org.testng.SuiteRunner$SuiteWorker.run(SuiteRunner.java:425)
at org.testng.internal.thread.ThreadUtil.lambda$execute$0(ThreadUtil.java:66)
at java.util.concurrent.FutureTask.run(Unknown Source)
at java.util.concurrent.ThreadPoolExecutor.runWorker(Unknown Source)
at java.util.concurrent.ThreadPoolExecutor$Worker.run(Unknown Source)
at java.lang.Thread.run(Unknown Source)
]]>
            </full-stacktrace>
          </exception> <!-- org.openqa.selenium.WebDriverException -->
          <reporter-output>
          </reporter-output>
        </test-method> <!-- toVerifyReportButton -->
        <test-method status="SKIP" signature="logoutFromApplication()[pri:0, instance:tests.VerifySanityTest@52feb982]" name="logoutFromApplication" is-config="true" duration-ms="-1656559566903" started-at="2022-06-30T08:56:06 IST" finished-at="1970-01-01T05:30:00 IST">
          <reporter-output>
          </reporter-output>
        </test-method> <!-- logoutFromApplication -->
        <test-method status="SKIP" signature="loginToApplication()[pri:0, instance:tests.VerifySanityTest@52feb982]" name="loginToApplication" is-config="true" duration-ms="-1656559566946" started-at="2022-06-30T08:56:06 IST" finished-at="1970-01-01T05:30:00 IST">
          <reporter-output>
          </reporter-output>
        </test-method> <!-- loginToApplication -->
        <test-method status="SKIP" signature="toVerifyTaskButton()[pri:0, instance:tests.VerifySanityTest@52feb982]" name="toVerifyTaskButton" duration-ms="0" started-at="2022-06-30T08:56:06 IST" finished-at="2022-06-30T08:56:06 IST">
          <exception class="org.openqa.selenium.WebDriverException">
            <message>
              <![CDATA[Failed to decode response from marionette
Build info: version: '3.141.59', revision: 'e82be7d358', time: '2018-11-14T08:17:03'
System info: host: 'DESKTOP-B2220QC', ip: '192.168.1.111', os.name: 'Windows 10', os.arch: 'amd64', os.version: '10.0', java.version: '1.8.0_271'
Driver info: org.openqa.selenium.firefox.FirefoxDriver
Capabilities {acceptInsecureCerts: true, browserName: firefox, browserVersion: 100.0.2, javascriptEnabled: true, moz:accessibilityChecks: false, moz:buildID: 20220519220738, moz:geckodriverVersion: 0.27.0, moz:headless: false, moz:processID: 9524, moz:profile: C:\Users\Akash\AppData\Loca..., moz:shutdownTimeout: 60000, moz:useNonSpecCompliantPointerOrigin: false, moz:webdriverClick: true, pageLoadStrategy: normal, platform: WINDOWS, platformName: WINDOWS, platformVersion: 10.0, proxy: Proxy(), setWindowRect: true, strictFileInteractability: false, timeouts: {implicit: 0, pageLoad: 300000, script: 30000}, unhandledPromptBehavior: dismiss and notify}
Session ID: 908bc06e-aaf2-4b50-8273-249ad06bfdca]]>
            </message>
            <full-stacktrace>
              <![CDATA[org.openqa.selenium.WebDriverException: Failed to decode response from marionette
Build info: version: '3.141.59', revision: 'e82be7d358', time: '2018-11-14T08:17:03'
System info: host: 'DESKTOP-B2220QC', ip: '192.168.1.111', os.name: 'Windows 10', os.arch: 'amd64', os.version: '10.0', java.version: '1.8.0_271'
Driver info: org.openqa.selenium.firefox.FirefoxDriver
Capabilities {acceptInsecureCerts: true, browserName: firefox, browserVersion: 100.0.2, javascriptEnabled: true, moz:accessibilityChecks: false, moz:buildID: 20220519220738, moz:geckodriverVersion: 0.27.0, moz:headless: false, moz:processID: 9524, moz:profile: C:\Users\Akash\AppData\Loca..., moz:shutdownTimeout: 60000, moz:useNonSpecCompliantPointerOrigin: false, moz:webdriverClick: true, pageLoadStrategy: normal, platform: WINDOWS, platformName: WINDOWS, platformVersion: 10.0, proxy: Proxy(), setWindowRect: true, strictFileInteractability: false, timeouts: {implicit: 0, pageLoad: 300000, script: 30000}, unhandledPromptBehavior: dismiss and notify}
Session ID: 908bc06e-aaf2-4b50-8273-249ad06bfdca
at sun.reflect.NativeConstructorAccessorImpl.newInstance0(Native Method)
at sun.reflect.NativeConstructorAccessorImpl.newInstance(Unknown Source)
at sun.reflect.DelegatingConstructorAccessorImpl.newInstance(Unknown Source)
at java.lang.reflect.Constructor.newInstance(Unknown Source)
at org.openqa.selenium.remote.http.W3CHttpResponseCodec.createException(W3CHttpResponseCodec.java:187)
at org.openqa.selenium.remote.http.W3CHttpResponseCodec.decode(W3CHttpResponseCodec.java:122)
at org.openqa.selenium.remote.http.W3CHttpResponseCodec.decode(W3CHttpResponseCodec.java:49)
at org.openqa.selenium.remote.HttpCommandExecutor.execute(HttpCommandExecutor.java:158)
at org.openqa.selenium.remote.service.DriverCommandExecutor.execute(DriverCommandExecutor.java:83)
at org.openqa.selenium.remote.RemoteWebDriver.execute(RemoteWebDriver.java:552)
at org.openqa.selenium.remote.RemoteWebDriver.get(RemoteWebDriver.java:277)
at tests.VerifySanityTest.loginToApplication(VerifySanityTest.java:60)
at sun.reflect.NativeMethodAccessorImpl.invoke0(Native Method)
at sun.reflect.NativeMethodAccessorImpl.invoke(Unknown Source)
at sun.reflect.DelegatingMethodAccessorImpl.invoke(Unknown Source)
at java.lang.reflect.Method.invoke(Unknown Source)
at org.testng.internal.MethodInvocationHelper.invokeMethod(MethodInvocationHelper.java:132)
at org.testng.internal.MethodInvocationHelper.invokeMethodConsideringTimeout(MethodInvocationHelper.java:61)
at org.testng.internal.ConfigInvoker.invokeConfigurationMethod(ConfigInvoker.java:366)
at org.testng.internal.ConfigInvoker.invokeConfigurations(ConfigInvoker.java:320)
at org.testng.internal.TestInvoker.runConfigMethods(TestInvoker.java:701)
at org.testng.internal.TestInvoker.invokeMethod(TestInvoker.java:527)
at org.testng.internal.TestInvoker.invokeTestMethod(TestInvoker.java:174)
at org.testng.internal.MethodRunner.runInSequence(MethodRunner.java:46)
at org.testng.internal.TestInvoker$MethodInvocationAgent.invoke(TestInvoker.java:822)
at org.testng.internal.TestInvoker.invokeTestMethods(TestInvoker.java:147)
at org.testng.internal.TestMethodWorker.invokeTestMethods(TestMethodWorker.java:146)
at org.testng.internal.TestMethodWorker.run(TestMethodWorker.java:128)
at java.util.ArrayList.forEach(Unknown Source)
at org.testng.TestRunner.privateRun(TestRunner.java:764)
at org.testng.TestRunner.run(TestRunner.java:585)
at org.testng.SuiteRunner.runTest(SuiteRunner.java:384)
at org.testng.SuiteRunner.access$000(SuiteRunner.java:28)
at org.testng.SuiteRunner$SuiteWorker.run(SuiteRunner.java:425)
at org.testng.internal.thread.ThreadUtil.lambda$execute$0(ThreadUtil.java:66)
at java.util.concurrent.FutureTask.run(Unknown Source)
at java.util.concurrent.ThreadPoolExecutor.runWorker(Unknown Source)
at java.util.concurrent.ThreadPoolExecutor$Worker.run(Unknown Source)
at java.lang.Thread.run(Unknown Source)
]]>
            </full-stacktrace>
          </exception> <!-- org.openqa.selenium.WebDriverException -->
          <reporter-output>
          </reporter-output>
        </test-method> <!-- toVerifyTaskButton -->
        <test-method status="SKIP" signature="logoutFromApplication()[pri:0, instance:tests.VerifySanityTest@52feb982]" name="logoutFromApplication" is-config="true" duration-ms="-1656559566967" started-at="2022-06-30T08:56:06 IST" finished-at="1970-01-01T05:30:00 IST">
          <reporter-output>
          </reporter-output>
        </test-method> <!-- logoutFromApplication -->
        <test-method status="SKIP" signature="clearObject()[pri:0, instance:tests.VerifySanityTest@52feb982]" name="clearObject" is-config="true" duration-ms="-1656559566978" started-at="2022-06-30T08:56:06 IST" finished-at="1970-01-01T05:30:00 IST">
          <reporter-output>
          </reporter-output>
        </test-method> <!-- clearObject -->
        <test-method status="SKIP" signature="closedBrowser()[pri:0, instance:tests.VerifySanityTest@52feb982]" name="closedBrowser" is-config="true" duration-ms="-1656559566989" started-at="2022-06-30T08:56:06 IST" finished-at="1970-01-01T05:30:00 IST">
          <reporter-output>
          </reporter-output>
        </test-method> <!-- closedBrowser -->
      </class> <!-- tests.VerifySanityTest -->
    </test> <!-- FirefoxBrowser -->
    <test name="ChromeBrowser" duration-ms="89200" started-at="2022-06-30T08:55:03 IST" finished-at="2022-06-30T08:56:32 IST">
      <class name="tests.VerifyTaskButtonTestNG">
        <test-method status="PASS" signature="launchBrowser(java.lang.String)[pri:0, instance:tests.VerifyTaskButtonTestNG@396f6598]" name="launchBrowser" is-config="true" duration-ms="5592" started-at="2022-06-30T08:55:09 IST" finished-at="2022-06-30T08:55:15 IST">
          <params>
            <param index="0">
              <value>
                <![CDATA[Chrome]]>
              </value>
            </param>
          </params>
          <reporter-output>
          </reporter-output>
        </test-method> <!-- launchBrowser -->
        <test-method status="PASS" signature="createPOMOobjects()[pri:0, instance:tests.VerifyTaskButtonTestNG@396f6598]" name="createPOMOobjects" is-config="true" duration-ms="246" started-at="2022-06-30T08:55:15 IST" finished-at="2022-06-30T08:55:15 IST">
          <reporter-output>
          </reporter-output>
        </test-method> <!-- createPOMOobjects -->
        <test-method status="PASS" signature="loginToApplication()[pri:0, instance:tests.VerifyTaskButtonTestNG@396f6598]" name="loginToApplication" is-config="true" duration-ms="4544" started-at="2022-06-30T08:55:15 IST" finished-at="2022-06-30T08:55:19 IST">
          <reporter-output>
          </reporter-output>
        </test-method> <!-- loginToApplication -->
        <test-method status="PASS" signature="toVerifyReportButton()[pri:0, instance:tests.VerifyTaskButtonTestNG@396f6598]" name="toVerifyReportButton" duration-ms="23124" started-at="2022-06-30T08:55:19 IST" finished-at="2022-06-30T08:55:43 IST">
          <reporter-output>
          </reporter-output>
        </test-method> <!-- toVerifyReportButton -->
        <test-method status="PASS" signature="logoutFromApplication()[pri:0, instance:tests.VerifyTaskButtonTestNG@396f6598]" name="logoutFromApplication" is-config="true" duration-ms="887" started-at="2022-06-30T08:55:43 IST" finished-at="2022-06-30T08:55:43 IST">
          <reporter-output>
          </reporter-output>
        </test-method> <!-- logoutFromApplication -->
        <test-method status="PASS" signature="loginToApplication()[pri:0, instance:tests.VerifyTaskButtonTestNG@396f6598]" name="loginToApplication" is-config="true" duration-ms="4739" started-at="2022-06-30T08:55:43 IST" finished-at="2022-06-30T08:55:48 IST">
          <reporter-output>
          </reporter-output>
        </test-method> <!-- loginToApplication -->
        <test-method status="PASS" signature="toVerifyTaskButton()[pri:0, instance:tests.VerifyTaskButtonTestNG@396f6598]" name="toVerifyTaskButton" duration-ms="2466" started-at="2022-06-30T08:55:48 IST" finished-at="2022-06-30T08:55:51 IST">
          <reporter-output>
          </reporter-output>
        </test-method> <!-- toVerifyTaskButton -->
        <test-method status="PASS" signature="logoutFromApplication()[pri:0, instance:tests.VerifyTaskButtonTestNG@396f6598]" name="logoutFromApplication" is-config="true" duration-ms="2518" started-at="2022-06-30T08:55:51 IST" finished-at="2022-06-30T08:55:53 IST">
          <reporter-output>
          </reporter-output>
        </test-method> <!-- logoutFromApplication -->
        <test-method status="PASS" signature="clearObject()[pri:0, instance:tests.VerifyTaskButtonTestNG@396f6598]" name="clearObject" is-config="true" duration-ms="0" started-at="2022-06-30T08:55:53 IST" finished-at="2022-06-30T08:55:53 IST">
          <reporter-output>
          </reporter-output>
        </test-method> <!-- clearObject -->
        <test-method status="PASS" signature="closedBrowser()[pri:0, instance:tests.VerifyTaskButtonTestNG@396f6598]" name="closedBrowser" is-config="true" duration-ms="1214" started-at="2022-06-30T08:56:31 IST" finished-at="2022-06-30T08:56:32 IST">
          <reporter-output>
          </reporter-output>
        </test-method> <!-- closedBrowser -->
      </class> <!-- tests.VerifyTaskButtonTestNG -->
      <class name="tests.VerifySanityTest">
        <test-method status="PASS" signature="launchBrowser(java.lang.String)[pri:0, instance:tests.VerifySanityTest@394e1a0f]" name="launchBrowser" is-config="true" duration-ms="6024" started-at="2022-06-30T08:55:03 IST" finished-at="2022-06-30T08:55:09 IST">
          <params>
            <param index="0">
              <value>
                <![CDATA[Chrome]]>
              </value>
            </param>
          </params>
          <reporter-output>
          </reporter-output>
        </test-method> <!-- launchBrowser -->
        <test-method status="PASS" signature="createPOMOobjects()[pri:0, instance:tests.VerifySanityTest@394e1a0f]" name="createPOMOobjects" is-config="true" duration-ms="2" started-at="2022-06-30T08:55:53 IST" finished-at="2022-06-30T08:55:53 IST">
          <reporter-output>
          </reporter-output>
        </test-method> <!-- createPOMOobjects -->
        <test-method status="PASS" signature="loginToApplication()[pri:0, instance:tests.VerifySanityTest@394e1a0f]" name="loginToApplication" is-config="true" duration-ms="8086" started-at="2022-06-30T08:55:53 IST" finished-at="2022-06-30T08:56:01 IST">
          <reporter-output>
          </reporter-output>
        </test-method> <!-- loginToApplication -->
        <test-method status="PASS" signature="toVerifyReportButton()[pri:0, instance:tests.VerifySanityTest@394e1a0f]" name="toVerifyReportButton" duration-ms="12575" started-at="2022-06-30T08:56:01 IST" finished-at="2022-06-30T08:56:14 IST">
          <reporter-output>
          </reporter-output>
        </test-method> <!-- toVerifyReportButton -->
        <test-method status="PASS" signature="logoutFromApplication()[pri:0, instance:tests.VerifySanityTest@394e1a0f]" name="logoutFromApplication" is-config="true" duration-ms="593" started-at="2022-06-30T08:56:14 IST" finished-at="2022-06-30T08:56:14 IST">
          <reporter-output>
          </reporter-output>
        </test-method> <!-- logoutFromApplication -->
        <test-method status="PASS" signature="loginToApplication()[pri:0, instance:tests.VerifySanityTest@394e1a0f]" name="loginToApplication" is-config="true" duration-ms="3338" started-at="2022-06-30T08:56:14 IST" finished-at="2022-06-30T08:56:18 IST">
          <reporter-output>
          </reporter-output>
        </test-method> <!-- loginToApplication -->
        <test-method status="PASS" signature="toVerifyTaskButton()[pri:0, instance:tests.VerifySanityTest@394e1a0f]" name="toVerifyTaskButton" duration-ms="10886" started-at="2022-06-30T08:56:18 IST" finished-at="2022-06-30T08:56:29 IST">
          <reporter-output>
          </reporter-output>
        </test-method> <!-- toVerifyTaskButton -->
        <test-method status="PASS" signature="logoutFromApplication()[pri:0, instance:tests.VerifySanityTest@394e1a0f]" name="logoutFromApplication" is-config="true" duration-ms="491" started-at="2022-06-30T08:56:29 IST" finished-at="2022-06-30T08:56:29 IST">
          <reporter-output>
          </reporter-output>
        </test-method> <!-- logoutFromApplication -->
        <test-method status="PASS" signature="clearObject()[pri:0, instance:tests.VerifySanityTest@394e1a0f]" name="clearObject" is-config="true" duration-ms="0" started-at="2022-06-30T08:56:29 IST" finished-at="2022-06-30T08:56:29 IST">
          <reporter-output>
          </reporter-output>
        </test-method> <!-- clearObject -->
        <test-method status="PASS" signature="closedBrowser()[pri:0, instance:tests.VerifySanityTest@394e1a0f]" name="closedBrowser" is-config="true" duration-ms="1777" started-at="2022-06-30T08:56:29 IST" finished-at="2022-06-30T08:56:31 IST">
          <reporter-output>
          </reporter-output>
        </test-method> <!-- closedBrowser -->
      </class> <!-- tests.VerifySanityTest -->
    </test> <!-- ChromeBrowser -->
  </suite> <!-- Suite1234 -->
</testng-results>
